<?xml version="1.0" encoding="UTF-8"?>
<!-- Generated by org.testng.reporters.JUnitXMLReporter -->
<testsuite ignored="0" hostname="cmp2024014" failures="0" tests="6" name="JSONPlaceholder API Tests" time="3.641" errors="0" timestamp="2025-10-27T12:39:18 WIB">
  <testcase classname="com.kenny.doitpay.automation.API.PostTest" name="testCreatePost" time="2.361"/>
  <testcase classname="com.kenny.doitpay.automation.API.PostTest" name="testDeletePost" time="0.326"/>
  <testcase classname="com.kenny.doitpay.automation.API.PostTest" name="testGetAllPosts" time="0.139"/>
  <testcase classname="com.kenny.doitpay.automation.API.PostTest" name="testGetSinglePost" time="0.106"/>
  <testcase classname="com.kenny.doitpay.automation.API.PostTest" name="testPatchPost" time="0.33"/>
  <testcase classname="com.kenny.doitpay.automation.API.PostTest" name="testUpdatePost" time="0.352"/>
</testsuite> <!-- JSONPlaceholder API Tests -->
