<?xml version="1.0" encoding="UTF-8"?>
<!-- Generated by org.testng.reporters.JUnitXMLReporter -->
<testsuite ignored="0" hostname="cmp2024014" failures="0" tests="10" name="DoitPay Web Tests" time="56.114" errors="0" timestamp="2025-11-03T23:45:35 WIB">
  <testcase classname="com.kenny.doitpay.automation.Web.LoginTest" name="testLoginWithDataDrivenTesting" time="0.508"/>
  <testcase classname="com.kenny.doitpay.automation.Web.LoginTest" name="testLoginWithDataDrivenTesting" time="0.435"/>
  <testcase classname="com.kenny.doitpay.automation.Web.LoginTest" name="loginWithValidCredentials" time="1.383"/>
  <testcase classname="com.kenny.doitpay.automation.Web.LoginTest" name="loginWithInvalidCredentials" time="1.032"/>
  <testcase classname="com.kenny.doitpay.automation.Web.CheckoutTest" name="addProductToCartFromDetailProduct" time="1.601"/>
  <testcase classname="com.kenny.doitpay.automation.Web.CheckoutTest" name="addProductToCartFromDetailProduct" time="1.644"/>
  <testcase classname="com.kenny.doitpay.automation.Web.CheckoutTest" name="verifyResetAppState" time="4.117"/>
  <testcase classname="com.kenny.doitpay.automation.Web.CheckoutTest" name="verifyResetAppState" time="5.174"/>
  <testcase classname="com.kenny.doitpay.automation.Web.CheckoutTest" name="flowCheckoutProductsE2E" time="4.332"/>
  <testcase classname="com.kenny.doitpay.automation.Web.CheckoutTest" name="flowCheckoutProductsE2E" time="3.729"/>
</testsuite> <!-- DoitPay Web Tests -->
