<?xml version="1.0" encoding="UTF-8"?>
<!-- Generated by org.testng.reporters.JUnitXMLReporter -->
<testsuite ignored="0" hostname="cmp2024014" failures="1" tests="10" name="Web Test" time="45.945" errors="0" timestamp="2025-11-05T21:27:58 WIB">
  <testcase classname="com.kenny.doitpay.automation.Web.LoginTest" name="loginWithInvalidCredentials" time="0.028">
    <failure type="java.lang.IllegalArgumentException" message="Username &amp;apos;invalid_username&amp;apos; tidak dikenali.">
      <![CDATA[java.lang.IllegalArgumentException: Username 'invalid_username' tidak dikenali.
at com.kenny.doitpay.automation.Page.Login.performLoginWithHardcoded(Login.java:61)
at com.kenny.doitpay.automation.Web.LoginTest.loginWithInvalidCredentials(LoginTest.java:74)
at java.base/java.util.concurrent.ThreadPoolExecutor.runWorker(ThreadPoolExecutor.java:1144)
at java.base/java.util.concurrent.ThreadPoolExecutor$Worker.run(ThreadPoolExecutor.java:642)
at java.base/java.lang.Thread.run(Thread.java:1583)
... Removed 10 stack frames]]>
    </failure>
  </testcase> <!-- loginWithInvalidCredentials -->
  <testcase classname="com.kenny.doitpay.automation.Web.CheckoutTest" name="addProductToCartFromDetailProduct" time="1.706"/>
  <testcase classname="com.kenny.doitpay.automation.Web.LoginTest" name="loginWithValidCredentials" time="1.26"/>
  <testcase classname="com.kenny.doitpay.automation.Web.CheckoutTest" name="addProductToCartFromDetailProduct" time="1.528"/>
  <testcase classname="com.kenny.doitpay.automation.Web.LoginTest" name="testLoginWithDataDrivenTesting" time="0.294"/>
  <testcase classname="com.kenny.doitpay.automation.Web.LoginTest" name="testLoginWithDataDrivenTesting" time="0.288"/>
  <testcase classname="com.kenny.doitpay.automation.Web.CheckoutTest" name="flowCheckoutProductsE2E" time="5.006"/>
  <testcase classname="com.kenny.doitpay.automation.Web.CheckoutTest" name="flowCheckoutProductsE2E" time="5.087"/>
  <testcase classname="com.kenny.doitpay.automation.Web.CheckoutTest" name="verifyResetAppState" time="3.938"/>
  <testcase classname="com.kenny.doitpay.automation.Web.CheckoutTest" name="verifyResetAppState" time="4.962"/>
</testsuite> <!-- Web Test -->
