<?xml version="1.0" encoding="UTF-8"?>
<!-- Generated by org.testng.reporters.JUnitXMLReporter -->
<testsuite ignored="2" hostname="cmp2024014" failures="0" tests="2" name="Default test" time="11.476" errors="0" timestamp="2025-11-04T00:22:01 WIB">
  <testcase classname="com.kenny.doitpay.automation.Web.CheckoutTest" name="addProductToCartFromDetailProduct" time="1.879"/>
  <testcase classname="com.kenny.doitpay.automation.Web.CheckoutTest" name="addProductToCartFromDetailProduct" time="1.688"/>
  <testcase classname="com.kenny.doitpay.automation.Web.CheckoutTest" name="verifyResetAppState" time="0.0">
    <ignored/>
  </testcase> <!-- verifyResetAppState -->
  <testcase classname="com.kenny.doitpay.automation.Web.CheckoutTest" name="flowCheckoutProductsE2E" time="0.0">
    <ignored/>
  </testcase> <!-- flowCheckoutProductsE2E -->
</testsuite> <!-- Default test -->
