<?xml version="1.0" encoding="UTF-8"?>
<testsuite xmlns:xsi="http://www.w3.org/2001/XMLSchema-instance" xsi:noNamespaceSchemaLocation="https://maven.apache.org/surefire/maven-surefire-plugin/xsd/surefire-test-report.xsd" version="3.0.1" name="com.kenny.automation.Web.Runner.CucumberTestRunner" time="18.114" tests="3" errors="0" skipped="0" failures="0">
  <properties>
[...]
</properties>
  <testcase name="runScenario[&quot;User melakukan checkout semua produk dengan data valid&quot;, &quot;Checkout Flow&quot;](1)" classname="com.kenny.automation.Web.Runner.CucumberTestRunner" time="10.174">
    <system-out><![CDATA[
@Regression @Checkout
Scenario: User melakukan checkout semua produk dengan data valid # src/test/java/resources/features/Checkout.feature:4
 Input text: 'standard_user' pada elemen: [[ChromeDriver: chrome on mac (9dd05c8e978a3a4687530481b57cdd66)] -> id: user-name]
 Input text: 'secret_sauce' pada elemen: [[ChromeDriver: chrome on mac (9dd05c8e978a3a4687530481b57cdd66)] -> id: password]
  Given user is logged in as "standard_user"                     # com.kenny.automation.Web.StepDefinitions.CheckoutStep.userIsLoggedIn(java.lang.String)
Stale element, retry 1
Stale element, retry 2
Stale element, retry 3
Scrolled to top
[DEBUG] Thread 3 capture screenshot for step: Semua produk berhasil ditambahkan ke keranjang.
[DEBUG] Thread 3 capture screenshot for step: Berhasil membuka halaman Cart.
  When user adds all products to cart                            # com.kenny.automation.Web.StepDefinitions.CheckoutStep.userAddsAllProductsToCart()
Found and scrolled to element with text: Checkout
[DEBUG] Thread 3 capture screenshot for step: Berhasil menampilkan halaman Checkout
  And user proceeds to checkout                                  # com.kenny.automation.Web.StepDefinitions.CheckoutStep.userProceedsToCheckout()
 Input text: 'Kenny' pada elemen: [[ChromeDriver: chrome on mac (9dd05c8e978a3a4687530481b57cdd66)] -> id: first-name]
[DEBUG] Thread 3 capture screenshot for step: Berhasil Input First Name Dengan :Kenny
 Input text: 'Ramadhan' pada elemen: [[ChromeDriver: chrome on mac (9dd05c8e978a3a4687530481b57cdd66)] -> id: last-name]
[DEBUG] Thread 3 capture screenshot for step: Berhasil Input Last Name Dengan :Ramadhan
 Input text: '12345' pada elemen: [[ChromeDriver: chrome on mac (9dd05c8e978a3a4687530481b57cdd66)] -> id: postal-code]
[DEBUG] Thread 3 capture screenshot for step: Berhasil Input Postal Code Dengan :12345
  And user fills checkout form with:                             # com.kenny.automation.Web.StepDefinitions.CheckoutStep.userFillsCheckoutForm(io.cucumber.datatable.DataTable)
    | firstName | lastName | postalCode |
    | Kenny     | Ramadhan | 12345      |
  And user continues checkout                                    # com.kenny.automation.Web.StepDefinitions.CheckoutStep.userContinuesCheckout()
[DEBUG] Thread 3 capture screenshot for step: Berhasil Menampilkan Button Finish dan Detail Harga
[DEBUG] Thread 3 capture screenshot for step: Harga 'SubTotal': 129.94
[DEBUG] Thread 3 capture screenshot for step: Berhasil Extract Sub Total
[DEBUG] Thread 3 capture screenshot for step: Harga 'Tax': 10.4
[DEBUG] Thread 3 capture screenshot for step: Berhasil Extract Tax
[DEBUG] Thread 3 capture screenshot for step: Harga 'Total': 140.34
[DEBUG] Thread 3 capture screenshot for step: Berhasil Extract Grand Total
[DEBUG] Thread 3 capture screenshot for step: Checkout Sukses
  And user finishes the order                                    # com.kenny.automation.Web.StepDefinitions.CheckoutStep.userFinishesOrder()
  Then order should be completed successfully                    # com.kenny.automation.Web.StepDefinitions.CheckoutStep.orderShouldBeCompletedSuccessfully()
  And subtotal + tax should equal to grand total                 # com.kenny.automation.Web.StepDefinitions.CheckoutStep.verifyTotalCalculation()
Driver closed and removed successfully.
]]></system-out>
    <system-err><![CDATA[SLF4J: No SLF4J providers were found.
SLF4J: Defaulting to no-operation (NOP) logger implementation
SLF4J: See https://www.slf4j.org/codes.html#noProviders for further details.
Nov 06, 2025 10:48:18 AM org.openqa.selenium.devtools.CdpVersionFinder findNearestMatch
WARNING: Unable to find CDP implementation matching 142
Nov 06, 2025 10:48:19 AM org.openqa.selenium.chromium.ChromiumDriver lambda$new$5
WARNING: Unable to find version of CDP to use for 142.0.7444.60. You may need to include a dependency on a specific version of the CDP using something similar to `org.seleniumhq.selenium:selenium-devtools-v86:4.13.0` where the version ("v86") matches the version of the chromium-based browser you're using and the version number of the artifact is the same as Selenium's.
Nov 06, 2025 10:48:25 AM org.openqa.selenium.remote.http.WebSocket$Listener onError
WARNING: Connection reset
java.net.SocketException: Connection reset
	at java.base/sun.nio.ch.SocketChannelImpl.throwConnectionReset(SocketChannelImpl.java:399)
	at java.base/sun.nio.ch.SocketChannelImpl.implRead(SocketChannelImpl.java:431)
	at java.base/sun.nio.ch.SocketChannelImpl.read(SocketChannelImpl.java:489)
	at io.netty.buffer.PooledByteBuf.setBytes(PooledByteBuf.java:254)
	at io.netty.buffer.AbstractByteBuf.writeBytes(AbstractByteBuf.java:1132)
	at io.netty.channel.socket.nio.NioSocketChannel.doReadBytes(NioSocketChannel.java:357)
	at io.netty.channel.nio.AbstractNioByteChannel$NioByteUnsafe.read(AbstractNioByteChannel.java:151)
	at io.netty.channel.nio.NioEventLoop.processSelectedKey(NioEventLoop.java:788)
	at io.netty.channel.nio.NioEventLoop.processSelectedKeysOptimized(NioEventLoop.java:724)
	at io.netty.channel.nio.NioEventLoop.processSelectedKeys(NioEventLoop.java:650)
	at io.netty.channel.nio.NioEventLoop.run(NioEventLoop.java:562)
	at io.netty.util.concurrent.SingleThreadEventExecutor$4.run(SingleThreadEventExecutor.java:997)
	at io.netty.util.internal.ThreadExecutorMap$2.run(ThreadExecutorMap.java:74)
	at io.netty.util.concurrent.FastThreadLocalRunnable.run(FastThreadLocalRunnable.java:30)
	at java.base/java.lang.Thread.run(Thread.java:1447)

]]></system-err>
  </testcase>
  <testcase name="runScenario[&quot;Verify user can login with various credentials&quot;, &quot;Login Feature&quot;](2)" classname="com.kenny.automation.Web.Runner.CucumberTestRunner" time="3.478">
    <system-out><![CDATA[
@Smoke
Scenario Outline: Verify user can login with various credentials            # src/test/java/resources/features/Login.feature:11
  Given user is on the login page                                           # com.kenny.automation.Web.StepDefinitions.LoginStep.userIsOnLoginPage()
 Input text: 'standard_user' pada elemen: [[ChromeDriver: chrome on mac (d90916a749fac6de759eb5df81a81261)] -> id: user-name]
 Input text: 'secret_sauce' pada elemen: [[ChromeDriver: chrome on mac (d90916a749fac6de759eb5df81a81261)] -> id: password]
  When user login with username "standard_user" and password "secret_sauce" # com.kenny.automation.Web.StepDefinitions.LoginStep.userLogin(java.lang.String,java.lang.String)
  Then login result should be "success"                                     # com.kenny.automation.Web.StepDefinitions.LoginStep.loginResultShouldBe(java.lang.String)
Driver closed and removed successfully.
]]></system-out>
    <system-err><![CDATA[Nov 06, 2025 10:48:26 AM org.openqa.selenium.devtools.CdpVersionFinder findNearestMatch
WARNING: Unable to find CDP implementation matching 142
Nov 06, 2025 10:48:26 AM org.openqa.selenium.chromium.ChromiumDriver lambda$new$5
WARNING: Unable to find version of CDP to use for 142.0.7444.60. You may need to include a dependency on a specific version of the CDP using something similar to `org.seleniumhq.selenium:selenium-devtools-v86:4.13.0` where the version ("v86") matches the version of the chromium-based browser you're using and the version number of the artifact is the same as Selenium's.
]]></system-err>
  </testcase>
  <testcase name="runScenario[&quot;Verify user can login with various credentials&quot;, &quot;Login Feature&quot;](3)" classname="com.kenny.automation.Web.Runner.CucumberTestRunner" time="2.945">
    <system-out><![CDATA[
@Smoke
Scenario Outline: Verify user can login with various credentials                 # src/test/java/resources/features/Login.feature:12
  Given user is on the login page                                                # com.kenny.automation.Web.StepDefinitions.LoginStep.userIsOnLoginPage()
 Input text: 'invalid_username' pada elemen: [[ChromeDriver: chrome on mac (e9a5cfc58b1d1d539065296cdf1e27c2)] -> id: user-name]
 Input text: 'wrong_password' pada elemen: [[ChromeDriver: chrome on mac (e9a5cfc58b1d1d539065296cdf1e27c2)] -> id: password]
  When user login with username "invalid_username" and password "wrong_password" # com.kenny.automation.Web.StepDefinitions.LoginStep.userLogin(java.lang.String,java.lang.String)
  Then login result should be "failed"                                           # com.kenny.automation.Web.StepDefinitions.LoginStep.loginResultShouldBe(java.lang.String)
Driver closed and removed successfully.
]]></system-out>
    <system-err><![CDATA[Nov 06, 2025 10:48:29 AM org.openqa.selenium.devtools.CdpVersionFinder findNearestMatch
WARNING: Unable to find CDP implementation matching 142
Nov 06, 2025 10:48:29 AM org.openqa.selenium.chromium.ChromiumDriver lambda$new$5
WARNING: Unable to find version of CDP to use for 142.0.7444.60. You may need to include a dependency on a specific version of the CDP using something similar to `org.seleniumhq.selenium:selenium-devtools-v86:4.13.0` where the version ("v86") matches the version of the chromium-based browser you're using and the version number of the artifact is the same as Selenium's.
]]></system-err>
  </testcase>
</testsuite>