<?xml version="1.0" encoding="UTF-8"?>
<testng-results ignored="0" total="3" passed="3" failed="0" skipped="0">
  <reporter-output>
  </reporter-output>
  <suite started-at="2025-11-06T10:48:15 WIB" name="Surefire suite" finished-at="2025-11-06T10:48:32 WIB" duration-ms="16815">
    <groups>
      <group name="cucumber">
        <method signature="AbstractTestNGCucumberTests.runScenario(io.cucumber.testng.PickleWrapper,io.cucumber.testng.FeatureWrapper)[pri:0, instance:com.kenny.automation.Web.Runner.CucumberTestRunner@593aaf41]" name="runScenario" class="io.cucumber.testng.AbstractTestNGCucumberTests"/>
      </group> <!-- cucumber -->
    </groups>
    <test started-at="2025-11-06T10:48:15 WIB" name="Surefire test" finished-at="2025-11-06T10:48:32 WIB" duration-ms="16815">
      <class name="com.kenny.automation.Web.Runner.CucumberTestRunner">
        <test-method is-config="true" signature="setUpClass(org.testng.ITestContext)[pri:0, instance:com.kenny.automation.Web.Runner.CucumberTestRunner@593aaf41]" started-at="2025-11-06T10:48:15 WIB" name="setUpClass" finished-at="2025-11-06T10:48:15 WIB" duration-ms="170" status="PASS">
          <params>
            <param index="0">
              <value>
                <![CDATA[org.testng.TestRunner@18a0721b]]>
              </value>
            </param>
          </params>
          <reporter-output>
          </reporter-output>
        </test-method> <!-- setUpClass -->
        <test-method signature="runScenario(io.cucumber.testng.PickleWrapper,io.cucumber.testng.FeatureWrapper)[pri:0, instance:com.kenny.automation.Web.Runner.CucumberTestRunner@593aaf41]" started-at="2025-11-06T10:48:15 WIB" name="runScenario" description="Runs Cucumber Scenarios" data-provider="scenarios" finished-at="2025-11-06T10:48:25 WIB" duration-ms="10172" status="PASS">
          <params>
            <param index="0">
              <value>
                <![CDATA["User melakukan checkout semua produk dengan data valid"]]>
              </value>
            </param>
            <param index="1">
              <value>
                <![CDATA["Checkout Flow"]]>
              </value>
            </param>
          </params>
          <reporter-output>
          </reporter-output>
        </test-method> <!-- runScenario -->
        <test-method signature="runScenario(io.cucumber.testng.PickleWrapper,io.cucumber.testng.FeatureWrapper)[pri:0, instance:com.kenny.automation.Web.Runner.CucumberTestRunner@593aaf41]" started-at="2025-11-06T10:48:25 WIB" name="runScenario" description="Runs Cucumber Scenarios" data-provider="scenarios" finished-at="2025-11-06T10:48:29 WIB" duration-ms="3486" status="PASS">
          <params>
            <param index="0">
              <value>
                <![CDATA["Verify user can login with various credentials"]]>
              </value>
            </param>
            <param index="1">
              <value>
                <![CDATA["Login Feature"]]>
              </value>
            </param>
          </params>
          <reporter-output>
          </reporter-output>
        </test-method> <!-- runScenario -->
        <test-method signature="runScenario(io.cucumber.testng.PickleWrapper,io.cucumber.testng.FeatureWrapper)[pri:0, instance:com.kenny.automation.Web.Runner.CucumberTestRunner@593aaf41]" started-at="2025-11-06T10:48:29 WIB" name="runScenario" description="Runs Cucumber Scenarios" data-provider="scenarios" finished-at="2025-11-06T10:48:32 WIB" duration-ms="2945" status="PASS">
          <params>
            <param index="0">
              <value>
                <![CDATA["Verify user can login with various credentials"]]>
              </value>
            </param>
            <param index="1">
              <value>
                <![CDATA["Login Feature"]]>
              </value>
            </param>
          </params>
          <reporter-output>
          </reporter-output>
        </test-method> <!-- runScenario -->
        <test-method is-config="true" signature="tearDownClass()[pri:0, instance:com.kenny.automation.Web.Runner.CucumberTestRunner@593aaf41]" started-at="2025-11-06T10:48:32 WIB" name="tearDownClass" finished-at="2025-11-06T10:48:32 WIB" duration-ms="26" status="PASS">
          <reporter-output>
          </reporter-output>
        </test-method> <!-- tearDownClass -->
      </class> <!-- com.kenny.automation.Web.Runner.CucumberTestRunner -->
    </test> <!-- Surefire test -->
  </suite> <!-- Surefire suite -->
</testng-results>
