<?xml version="1.0" encoding="UTF-8"?>
<testng-results ignored="0" total="10" passed="9" failed="1" skipped="0">
  <reporter-output>
  </reporter-output>
  <suite started-at="2025-11-05T21:27:12 WIB" name="DoitPay Automation Suite" finished-at="2025-11-05T21:27:58 WIB" duration-ms="45945">
    <groups>
    </groups>
    <test started-at="2025-11-05T21:27:12 WIB" name="Web Test" finished-at="2025-11-05T21:27:58 WIB" duration-ms="45945">
      <class name="com.kenny.doitpay.automation.Web.LoginTest">
        <test-method is-config="true" signature="setUp()[pri:0, instance:com.kenny.doitpay.automation.Web.LoginTest@2b4c1d96]" started-at="2025-11-05T21:27:12 WIB" name="setUp" finished-at="2025-11-05T21:27:17 WIB" duration-ms="4859" status="PASS">
          <reporter-output>
          </reporter-output>
        </test-method> <!-- setUp -->
        <test-method is-config="true" signature="setUpPage()[pri:0, instance:com.kenny.doitpay.automation.Web.LoginTest@2b4c1d96]" started-at="2025-11-05T21:27:17 WIB" name="setUpPage" finished-at="2025-11-05T21:27:17 WIB" duration-ms="12" status="PASS">
          <reporter-output>
          </reporter-output>
        </test-method> <!-- setUpPage -->
        <test-method signature="loginWithInvalidCredentials()[pri:0, instance:com.kenny.doitpay.automation.Web.LoginTest@2b4c1d96]" started-at="2025-11-05T21:27:17 WIB" name="loginWithInvalidCredentials" finished-at="2025-11-05T21:27:17 WIB" duration-ms="28" status="FAIL">
          <exception class="java.lang.IllegalArgumentException">
            <message>
              <![CDATA[Username 'invalid_username' tidak dikenali.]]>
            </message>
            <full-stacktrace>
              <![CDATA[java.lang.IllegalArgumentException: Username 'invalid_username' tidak dikenali.
at com.kenny.doitpay.automation.Page.Login.performLoginWithHardcoded(Login.java:61)
at com.kenny.doitpay.automation.Web.LoginTest.loginWithInvalidCredentials(LoginTest.java:74)
at java.base/jdk.internal.reflect.DirectMethodHandleAccessor.invoke(DirectMethodHandleAccessor.java:103)
at java.base/java.lang.reflect.Method.invoke(Method.java:580)
at org.testng.internal.invokers.MethodInvocationHelper.invokeMethod(MethodInvocationHelper.java:139)
at org.testng.internal.invokers.TestInvoker.invokeMethod(TestInvoker.java:664)
at org.testng.internal.invokers.TestInvoker.invokeTestMethod(TestInvoker.java:227)
at org.testng.internal.invokers.MethodRunner.runInSequence(MethodRunner.java:50)
at org.testng.internal.invokers.TestInvoker$MethodInvocationAgent.invoke(TestInvoker.java:957)
at org.testng.internal.invokers.TestInvoker.invokeTestMethods(TestInvoker.java:200)
at org.testng.internal.invokers.TestMethodWorker.invokeTestMethods(TestMethodWorker.java:148)
at org.testng.internal.invokers.TestMethodWorker.run(TestMethodWorker.java:128)
at java.base/java.util.concurrent.ThreadPoolExecutor.runWorker(ThreadPoolExecutor.java:1144)
at java.base/java.util.concurrent.ThreadPoolExecutor$Worker.run(ThreadPoolExecutor.java:642)
at java.base/java.lang.Thread.run(Thread.java:1583)
]]>
            </full-stacktrace>
          </exception> <!-- java.lang.IllegalArgumentException -->
          <reporter-output>
          </reporter-output>
        </test-method> <!-- loginWithInvalidCredentials -->
        <test-method is-config="true" signature="tearDown()[pri:0, instance:com.kenny.doitpay.automation.Web.LoginTest@2b4c1d96]" started-at="2025-11-05T21:27:17 WIB" name="tearDown" finished-at="2025-11-05T21:27:17 WIB" duration-ms="163" status="PASS">
          <reporter-output>
          </reporter-output>
        </test-method> <!-- tearDown -->
        <test-method is-config="true" signature="setUp()[pri:0, instance:com.kenny.doitpay.automation.Web.LoginTest@2b4c1d96]" started-at="2025-11-05T21:27:17 WIB" name="setUp" finished-at="2025-11-05T21:27:20 WIB" duration-ms="2577" status="PASS">
          <reporter-output>
          </reporter-output>
        </test-method> <!-- setUp -->
        <test-method is-config="true" signature="setUpPage()[pri:0, instance:com.kenny.doitpay.automation.Web.LoginTest@2b4c1d96]" started-at="2025-11-05T21:27:20 WIB" name="setUpPage" finished-at="2025-11-05T21:27:20 WIB" duration-ms="1" status="PASS">
          <reporter-output>
          </reporter-output>
        </test-method> <!-- setUpPage -->
        <test-method signature="loginWithValidCredentials()[pri:0, instance:com.kenny.doitpay.automation.Web.LoginTest@2b4c1d96]" started-at="2025-11-05T21:27:20 WIB" name="loginWithValidCredentials" finished-at="2025-11-05T21:27:21 WIB" duration-ms="1260" status="PASS">
          <reporter-output>
          </reporter-output>
        </test-method> <!-- loginWithValidCredentials -->
        <test-method is-config="true" signature="tearDown()[pri:0, instance:com.kenny.doitpay.automation.Web.LoginTest@2b4c1d96]" started-at="2025-11-05T21:27:21 WIB" name="tearDown" finished-at="2025-11-05T21:27:21 WIB" duration-ms="121" status="PASS">
          <reporter-output>
          </reporter-output>
        </test-method> <!-- tearDown -->
        <test-method is-config="true" signature="setUp()[pri:0, instance:com.kenny.doitpay.automation.Web.LoginTest@2b4c1d96]" started-at="2025-11-05T21:27:21 WIB" name="setUp" finished-at="2025-11-05T21:27:24 WIB" duration-ms="2510" status="PASS">
          <reporter-output>
          </reporter-output>
        </test-method> <!-- setUp -->
        <test-method is-config="true" signature="setUpPage()[pri:0, instance:com.kenny.doitpay.automation.Web.LoginTest@2b4c1d96]" started-at="2025-11-05T21:27:24 WIB" name="setUpPage" finished-at="2025-11-05T21:27:24 WIB" duration-ms="0" status="PASS">
          <reporter-output>
          </reporter-output>
        </test-method> <!-- setUpPage -->
        <test-method signature="testLoginWithDataDrivenTesting(java.util.Map)[pri:0, instance:com.kenny.doitpay.automation.Web.LoginTest@2b4c1d96]" started-at="2025-11-05T21:27:24 WIB" name="testLoginWithDataDrivenTesting" data-provider="csvData" finished-at="2025-11-05T21:27:24 WIB" duration-ms="294" status="PASS">
          <params>
            <param index="0">
              <value>
                <![CDATA[{password=secret_sauce, firstname=Dracule, postalcode=4000, productname=Sauce Labs Onesie, type=positive, username=standard_user, lastname=Mihawk}]]>
              </value>
            </param>
          </params>
          <reporter-output>
          </reporter-output>
        </test-method> <!-- testLoginWithDataDrivenTesting -->
        <test-method is-config="true" signature="tearDown()[pri:0, instance:com.kenny.doitpay.automation.Web.LoginTest@2b4c1d96]" started-at="2025-11-05T21:27:24 WIB" name="tearDown" finished-at="2025-11-05T21:27:25 WIB" duration-ms="133" status="PASS">
          <reporter-output>
          </reporter-output>
        </test-method> <!-- tearDown -->
        <test-method is-config="true" signature="setUp()[pri:0, instance:com.kenny.doitpay.automation.Web.LoginTest@2b4c1d96]" started-at="2025-11-05T21:27:25 WIB" name="setUp" finished-at="2025-11-05T21:27:27 WIB" duration-ms="2301" status="PASS">
          <reporter-output>
          </reporter-output>
        </test-method> <!-- setUp -->
        <test-method is-config="true" signature="setUpPage()[pri:0, instance:com.kenny.doitpay.automation.Web.LoginTest@2b4c1d96]" started-at="2025-11-05T21:27:27 WIB" name="setUpPage" finished-at="2025-11-05T21:27:27 WIB" duration-ms="1" status="PASS">
          <reporter-output>
          </reporter-output>
        </test-method> <!-- setUpPage -->
        <test-method signature="testLoginWithDataDrivenTesting(java.util.Map)[pri:0, instance:com.kenny.doitpay.automation.Web.LoginTest@2b4c1d96]" started-at="2025-11-05T21:27:27 WIB" name="testLoginWithDataDrivenTesting" data-provider="csvData" finished-at="2025-11-05T21:27:27 WIB" duration-ms="288" status="PASS">
          <params>
            <param index="0">
              <value>
                <![CDATA[{password=secret_sauce, firstname=, postalcode=4000, productname=Sauce Labs Onesie, type=negative, username=standard_user, lastname=King}]]>
              </value>
            </param>
          </params>
          <reporter-output>
          </reporter-output>
        </test-method> <!-- testLoginWithDataDrivenTesting -->
        <test-method is-config="true" signature="tearDown()[pri:0, instance:com.kenny.doitpay.automation.Web.LoginTest@2b4c1d96]" started-at="2025-11-05T21:27:27 WIB" name="tearDown" finished-at="2025-11-05T21:27:27 WIB" duration-ms="111" status="PASS">
          <reporter-output>
          </reporter-output>
        </test-method> <!-- tearDown -->
      </class> <!-- com.kenny.doitpay.automation.Web.LoginTest -->
      <class name="com.kenny.doitpay.automation.Web.CheckoutTest">
        <test-method is-config="true" signature="setUp()[pri:0, instance:com.kenny.doitpay.automation.Web.CheckoutTest@3ed242a4]" started-at="2025-11-05T21:27:12 WIB" name="setUp" finished-at="2025-11-05T21:27:17 WIB" duration-ms="4853" status="PASS">
          <reporter-output>
          </reporter-output>
        </test-method> <!-- setUp -->
        <test-method is-config="true" signature="setUpPage()[pri:0, instance:com.kenny.doitpay.automation.Web.CheckoutTest@3ed242a4]" started-at="2025-11-05T21:27:17 WIB" name="setUpPage" finished-at="2025-11-05T21:27:17 WIB" duration-ms="15" status="PASS">
          <reporter-output>
          </reporter-output>
        </test-method> <!-- setUpPage -->
        <test-method signature="addProductToCartFromDetailProduct(java.util.Map)[pri:0, instance:com.kenny.doitpay.automation.Web.CheckoutTest@3ed242a4]" started-at="2025-11-05T21:27:17 WIB" name="addProductToCartFromDetailProduct" data-provider="csvData" finished-at="2025-11-05T21:27:19 WIB" duration-ms="1706" status="PASS">
          <params>
            <param index="0">
              <value>
                <![CDATA[{password=secret_sauce, firstname=Dracule, postalcode=4000, productname=Sauce Labs Onesie, type=positive, username=standard_user, lastname=Mihawk}]]>
              </value>
            </param>
          </params>
          <reporter-output>
          </reporter-output>
        </test-method> <!-- addProductToCartFromDetailProduct -->
        <test-method is-config="true" signature="tearDown()[pri:0, instance:com.kenny.doitpay.automation.Web.CheckoutTest@3ed242a4]" started-at="2025-11-05T21:27:19 WIB" name="tearDown" finished-at="2025-11-05T21:27:19 WIB" duration-ms="107" status="PASS">
          <reporter-output>
          </reporter-output>
        </test-method> <!-- tearDown -->
        <test-method is-config="true" signature="setUp()[pri:0, instance:com.kenny.doitpay.automation.Web.CheckoutTest@3ed242a4]" started-at="2025-11-05T21:27:19 WIB" name="setUp" finished-at="2025-11-05T21:27:22 WIB" duration-ms="3512" status="PASS">
          <reporter-output>
          </reporter-output>
        </test-method> <!-- setUp -->
        <test-method is-config="true" signature="setUpPage()[pri:0, instance:com.kenny.doitpay.automation.Web.CheckoutTest@3ed242a4]" started-at="2025-11-05T21:27:22 WIB" name="setUpPage" finished-at="2025-11-05T21:27:22 WIB" duration-ms="1" status="PASS">
          <reporter-output>
          </reporter-output>
        </test-method> <!-- setUpPage -->
        <test-method signature="addProductToCartFromDetailProduct(java.util.Map)[pri:0, instance:com.kenny.doitpay.automation.Web.CheckoutTest@3ed242a4]" started-at="2025-11-05T21:27:22 WIB" name="addProductToCartFromDetailProduct" data-provider="csvData" finished-at="2025-11-05T21:27:24 WIB" duration-ms="1528" status="PASS">
          <params>
            <param index="0">
              <value>
                <![CDATA[{password=secret_sauce, firstname=, postalcode=4000, productname=Sauce Labs Onesie, type=negative, username=standard_user, lastname=King}]]>
              </value>
            </param>
          </params>
          <reporter-output>
          </reporter-output>
        </test-method> <!-- addProductToCartFromDetailProduct -->
        <test-method is-config="true" signature="tearDown()[pri:0, instance:com.kenny.doitpay.automation.Web.CheckoutTest@3ed242a4]" started-at="2025-11-05T21:27:24 WIB" name="tearDown" finished-at="2025-11-05T21:27:24 WIB" duration-ms="109" status="PASS">
          <reporter-output>
          </reporter-output>
        </test-method> <!-- tearDown -->
        <test-method is-config="true" signature="setUp()[pri:0, instance:com.kenny.doitpay.automation.Web.CheckoutTest@3ed242a4]" started-at="2025-11-05T21:27:24 WIB" name="setUp" finished-at="2025-11-05T21:27:27 WIB" duration-ms="2786" status="PASS">
          <reporter-output>
          </reporter-output>
        </test-method> <!-- setUp -->
        <test-method is-config="true" signature="setUpPage()[pri:0, instance:com.kenny.doitpay.automation.Web.CheckoutTest@3ed242a4]" started-at="2025-11-05T21:27:27 WIB" name="setUpPage" finished-at="2025-11-05T21:27:27 WIB" duration-ms="1" status="PASS">
          <reporter-output>
          </reporter-output>
        </test-method> <!-- setUpPage -->
        <test-method signature="flowCheckoutProductsE2E(java.util.Map)[pri:0, instance:com.kenny.doitpay.automation.Web.CheckoutTest@3ed242a4]" started-at="2025-11-05T21:27:27 WIB" name="flowCheckoutProductsE2E" data-provider="csvData" finished-at="2025-11-05T21:27:32 WIB" duration-ms="5006" status="PASS">
          <params>
            <param index="0">
              <value>
                <![CDATA[{password=secret_sauce, firstname=Dracule, postalcode=4000, productname=Sauce Labs Onesie, type=positive, username=standard_user, lastname=Mihawk}]]>
              </value>
            </param>
          </params>
          <reporter-output>
          </reporter-output>
        </test-method> <!-- flowCheckoutProductsE2E -->
        <test-method is-config="true" signature="tearDown()[pri:0, instance:com.kenny.doitpay.automation.Web.CheckoutTest@3ed242a4]" started-at="2025-11-05T21:27:32 WIB" name="tearDown" finished-at="2025-11-05T21:27:32 WIB" duration-ms="109" status="PASS">
          <reporter-output>
          </reporter-output>
        </test-method> <!-- tearDown -->
        <test-method is-config="true" signature="setUp()[pri:0, instance:com.kenny.doitpay.automation.Web.CheckoutTest@3ed242a4]" started-at="2025-11-05T21:27:32 WIB" name="setUp" finished-at="2025-11-05T21:27:35 WIB" duration-ms="2897" status="PASS">
          <reporter-output>
          </reporter-output>
        </test-method> <!-- setUp -->
        <test-method is-config="true" signature="setUpPage()[pri:0, instance:com.kenny.doitpay.automation.Web.CheckoutTest@3ed242a4]" started-at="2025-11-05T21:27:35 WIB" name="setUpPage" finished-at="2025-11-05T21:27:35 WIB" duration-ms="1" status="PASS">
          <reporter-output>
          </reporter-output>
        </test-method> <!-- setUpPage -->
        <test-method signature="flowCheckoutProductsE2E(java.util.Map)[pri:0, instance:com.kenny.doitpay.automation.Web.CheckoutTest@3ed242a4]" started-at="2025-11-05T21:27:35 WIB" name="flowCheckoutProductsE2E" data-provider="csvData" finished-at="2025-11-05T21:27:40 WIB" duration-ms="5087" status="PASS">
          <params>
            <param index="0">
              <value>
                <![CDATA[{password=secret_sauce, firstname=, postalcode=4000, productname=Sauce Labs Onesie, type=negative, username=standard_user, lastname=King}]]>
              </value>
            </param>
          </params>
          <reporter-output>
          </reporter-output>
        </test-method> <!-- flowCheckoutProductsE2E -->
        <test-method is-config="true" signature="tearDown()[pri:0, instance:com.kenny.doitpay.automation.Web.CheckoutTest@3ed242a4]" started-at="2025-11-05T21:27:40 WIB" name="tearDown" finished-at="2025-11-05T21:27:40 WIB" duration-ms="109" status="PASS">
          <reporter-output>
          </reporter-output>
        </test-method> <!-- tearDown -->
        <test-method is-config="true" signature="setUp()[pri:0, instance:com.kenny.doitpay.automation.Web.CheckoutTest@3ed242a4]" started-at="2025-11-05T21:27:40 WIB" name="setUp" finished-at="2025-11-05T21:27:44 WIB" duration-ms="3864" status="PASS">
          <reporter-output>
          </reporter-output>
        </test-method> <!-- setUp -->
        <test-method is-config="true" signature="setUpPage()[pri:0, instance:com.kenny.doitpay.automation.Web.CheckoutTest@3ed242a4]" started-at="2025-11-05T21:27:44 WIB" name="setUpPage" finished-at="2025-11-05T21:27:44 WIB" duration-ms="1" status="PASS">
          <reporter-output>
          </reporter-output>
        </test-method> <!-- setUpPage -->
        <test-method signature="verifyResetAppState(java.util.Map)[pri:0, instance:com.kenny.doitpay.automation.Web.CheckoutTest@3ed242a4]" started-at="2025-11-05T21:27:44 WIB" name="verifyResetAppState" data-provider="csvData" finished-at="2025-11-05T21:27:48 WIB" duration-ms="3938" status="PASS">
          <params>
            <param index="0">
              <value>
                <![CDATA[{password=secret_sauce, firstname=Dracule, postalcode=4000, productname=Sauce Labs Onesie, type=positive, username=standard_user, lastname=Mihawk}]]>
              </value>
            </param>
          </params>
          <reporter-output>
          </reporter-output>
        </test-method> <!-- verifyResetAppState -->
        <test-method is-config="true" signature="tearDown()[pri:0, instance:com.kenny.doitpay.automation.Web.CheckoutTest@3ed242a4]" started-at="2025-11-05T21:27:48 WIB" name="tearDown" finished-at="2025-11-05T21:27:48 WIB" duration-ms="109" status="PASS">
          <reporter-output>
          </reporter-output>
        </test-method> <!-- tearDown -->
        <test-method is-config="true" signature="setUp()[pri:0, instance:com.kenny.doitpay.automation.Web.CheckoutTest@3ed242a4]" started-at="2025-11-05T21:27:48 WIB" name="setUp" finished-at="2025-11-05T21:27:53 WIB" duration-ms="4263" status="PASS">
          <reporter-output>
          </reporter-output>
        </test-method> <!-- setUp -->
        <test-method is-config="true" signature="setUpPage()[pri:0, instance:com.kenny.doitpay.automation.Web.CheckoutTest@3ed242a4]" started-at="2025-11-05T21:27:53 WIB" name="setUpPage" finished-at="2025-11-05T21:27:53 WIB" duration-ms="0" status="PASS">
          <reporter-output>
          </reporter-output>
        </test-method> <!-- setUpPage -->
        <test-method signature="verifyResetAppState(java.util.Map)[pri:0, instance:com.kenny.doitpay.automation.Web.CheckoutTest@3ed242a4]" started-at="2025-11-05T21:27:53 WIB" name="verifyResetAppState" data-provider="csvData" finished-at="2025-11-05T21:27:58 WIB" duration-ms="4962" status="PASS">
          <params>
            <param index="0">
              <value>
                <![CDATA[{password=secret_sauce, firstname=, postalcode=4000, productname=Sauce Labs Onesie, type=negative, username=standard_user, lastname=King}]]>
              </value>
            </param>
          </params>
          <reporter-output>
          </reporter-output>
        </test-method> <!-- verifyResetAppState -->
        <test-method is-config="true" signature="tearDown()[pri:0, instance:com.kenny.doitpay.automation.Web.CheckoutTest@3ed242a4]" started-at="2025-11-05T21:27:58 WIB" name="tearDown" finished-at="2025-11-05T21:27:58 WIB" duration-ms="107" status="PASS">
          <reporter-output>
          </reporter-output>
        </test-method> <!-- tearDown -->
      </class> <!-- com.kenny.doitpay.automation.Web.CheckoutTest -->
    </test> <!-- Web Test -->
  </suite> <!-- DoitPay Automation Suite -->
</testng-results>
