<?xml version="1.0" encoding="UTF-8"?>
<!-- Generated by org.testng.reporters.JUnitReportReporter -->
<testsuite hostname="cmp2024014" failures="0" tests="4" name="com.kenny.doitpay.automation.Web.LoginTest" time="14.659" errors="1" timestamp="2025-11-05T21:27:58 WIB" skipped="0">
  <testcase classname="com.kenny.doitpay.automation.Web.LoginTest" name="loginWithValidCredentials" time="3.970"/>
  <testcase classname="com.kenny.doitpay.automation.Web.LoginTest" name="testLoginWithDataDrivenTesting" time="2.926"/>
  <testcase classname="com.kenny.doitpay.automation.Web.LoginTest" name="testLoginWithDataDrivenTesting" time="5.322"/>
  <testcase classname="com.kenny.doitpay.automation.Web.LoginTest" name="loginWithInvalidCredentials" time="2.441">
    <error message="Username &#039;invalid_username&#039; tidak dikenali." type="java.lang.IllegalArgumentException">
      <![CDATA[java.lang.IllegalArgumentException: Username 'invalid_username' tidak dikenali.
at com.kenny.doitpay.automation.Page.Login.performLoginWithHardcoded(Login.java:61)
at com.kenny.doitpay.automation.Web.LoginTest.loginWithInvalidCredentials(LoginTest.java:74)
at java.base/jdk.internal.reflect.DirectMethodHandleAccessor.invoke(DirectMethodHandleAccessor.java:103)
at java.base/java.lang.reflect.Method.invoke(Method.java:580)
at org.testng.internal.invokers.MethodInvocationHelper.invokeMethod(MethodInvocationHelper.java:139)
at org.testng.internal.invokers.TestInvoker.invokeMethod(TestInvoker.java:664)
at org.testng.internal.invokers.TestInvoker.invokeTestMethod(TestInvoker.java:227)
at org.testng.internal.invokers.MethodRunner.runInSequence(MethodRunner.java:50)
at org.testng.internal.invokers.TestInvoker$MethodInvocationAgent.invoke(TestInvoker.java:957)
at org.testng.internal.invokers.TestInvoker.invokeTestMethods(TestInvoker.java:200)
at org.testng.internal.invokers.TestMethodWorker.invokeTestMethods(TestMethodWorker.java:148)
at org.testng.internal.invokers.TestMethodWorker.run(TestMethodWorker.java:128)
at java.base/java.util.concurrent.ThreadPoolExecutor.runWorker(ThreadPoolExecutor.java:1144)
at java.base/java.util.concurrent.ThreadPoolExecutor$Worker.run(ThreadPoolExecutor.java:642)
at java.base/java.lang.Thread.run(Thread.java:1583)
]]>
    </error>
  </testcase> <!-- loginWithInvalidCredentials -->
</testsuite> <!-- com.kenny.doitpay.automation.Web.LoginTest -->
