<?xml version="1.0" encoding="UTF-8"?>
<!-- Generated by org.testng.reporters.JUnitReportReporter -->
<testsuite hostname="cmp2024014" failures="0" tests="6" name="com.kenny.doitpay.automation.Web.CheckoutTest" time="45.071" errors="0" timestamp="2025-11-05T21:27:58 WIB" skipped="0">
  <testcase classname="com.kenny.doitpay.automation.Web.CheckoutTest" name="verifyResetAppState" time="6.834"/>
  <testcase classname="com.kenny.doitpay.automation.Web.CheckoutTest" name="addProductToCartFromDetailProduct" time="6.683"/>
  <testcase classname="com.kenny.doitpay.automation.Web.CheckoutTest" name="addProductToCartFromDetailProduct" time="4.533"/>
  <testcase classname="com.kenny.doitpay.automation.Web.CheckoutTest" name="flowCheckoutProductsE2E" time="8.979"/>
  <testcase classname="com.kenny.doitpay.automation.Web.CheckoutTest" name="verifyResetAppState" time="9.335"/>
  <testcase classname="com.kenny.doitpay.automation.Web.CheckoutTest" name="flowCheckoutProductsE2E" time="8.707"/>
</testsuite> <!-- com.kenny.doitpay.automation.Web.CheckoutTest -->
