<?xml version="1.0" encoding="UTF-8"?>
<!-- Generated by org.testng.reporters.JUnitReportReporter -->
<testsuite hostname="cmp2024014" failures="0" tests="3" name="com.kenny.automation.Web.Runner.CucumberTestRunner" time="16.603" errors="0" timestamp="2025-11-06T10:48:33 WIB" skipped="0">
  <testcase classname="com.kenny.automation.Web.Runner.CucumberTestRunner" name="runScenario" time="3.486"/>
  <testcase classname="com.kenny.automation.Web.Runner.CucumberTestRunner" name="runScenario" time="2.945"/>
  <testcase classname="com.kenny.automation.Web.Runner.CucumberTestRunner" name="runScenario" time="10.172"/>
</testsuite> <!-- com.kenny.automation.Web.Runner.CucumberTestRunner -->
